npm warn Unknown env config "auto-install-peers". This will stop working in the next major version of npm.
npm warn Unknown env config "recursive". This will stop working in the next major version of npm.

> musu-bee@0.1.0 build
> NODE_ENV=production next build

   ▲ Next.js 15.5.14

   Creating an optimized production build ...


Retrying 1/3...


Retrying 1/3...
 ✓ Compiled successfully in 40.0s
   Skipping linting
   Checking validity of types ...
   Collecting page data ...
(node:94401) ExperimentalWarning: SQLite is an experimental feature and might change at any time
(Use `node --trace-warnings ...` to show where the warning was created)
(node:94398) ExperimentalWarning: SQLite is an experimental feature and might change at any time
(Use `node --trace-warnings ...` to show where the warning was created)
(node:94461) ExperimentalWarning: SQLite is an experimental feature and might change at any time
(Use `node --trace-warnings ...` to show where the warning was created)
   Generating static pages (0/31) ...
(node:95596) ExperimentalWarning: SQLite is an experimental feature and might change at any time
(Use `node --trace-warnings ...` to show where the warning was created)
 ⨯ useSearchParams() should be wrapped in a suspense boundary at page "/app". Read more: https://nextjs.org/docs/messages/missing-suspense-with-csr-bailout
    at g (/tmp/mus1688-rev11-20260414T060036/musu-bee/.next/server/chunks/906.js:1:83076)
    at m (/tmp/mus1688-rev11-20260414T060036/musu-bee/.next/server/chunks/906.js:9:13001)
    at /tmp/mus1688-rev11-20260414T060036/musu-bee/.next/server/app/app/page.js:3:6860
    at P (/tmp/mus1688-rev11-20260414T060036/musu-bee/.next/server/app/app/page.js:3:10489)
    at n3 (/tmp/mus1688-rev11-20260414T060036/musu-bee/node_modules/next/dist/compiled/next-server/app-page.runtime.prod.js:2:82831)
    at n6 (/tmp/mus1688-rev11-20260414T060036/musu-bee/node_modules/next/dist/compiled/next-server/app-page.runtime.prod.js:2:84601)
    at n6 (/tmp/mus1688-rev11-20260414T060036/musu-bee/node_modules/next/dist/compiled/next-server/app-page.runtime.prod.js:2:101560)
    at n5 (/tmp/mus1688-rev11-20260414T060036/musu-bee/node_modules/next/dist/compiled/next-server/app-page.runtime.prod.js:2:104801)
    at n7 (/tmp/mus1688-rev11-20260414T060036/musu-bee/node_modules/next/dist/compiled/next-server/app-page.runtime.prod.js:2:102219)
    at ia (/tmp/mus1688-rev11-20260414T060036/musu-bee/node_modules/next/dist/compiled/next-server/app-page.runtime.prod.js:2:108211)
Error occurred prerendering page "/app". Read more: https://nextjs.org/docs/messages/prerender-error
Export encountered an error on /app/page: /app, exiting the build.
   Generating static pages (7/31) 
   Generating static pages (15/31) 
(node:95594) ExperimentalWarning: SQLite is an experimental feature and might change at any time
(Use `node --trace-warnings ...` to show where the warning was created)
 ⨯ Next.js build worker exited with code: 1 and signal: null
