npm warn Unknown env config "auto-install-peers". This will stop working in the next major version of npm.
npm warn Unknown env config "recursive". This will stop working in the next major version of npm.

> musu-bee@0.1.0 build
> NODE_ENV=production next build

   ▲ Next.js 15.5.14

   Creating an optimized production build ...
 ✓ Compiled successfully in 32.3s
   Skipping linting
   Checking validity of types ...
   Collecting page data ...
(node:60573) ExperimentalWarning: SQLite is an experimental feature and might change at any time
(Use `node --trace-warnings ...` to show where the warning was created)
(node:60543) ExperimentalWarning: SQLite is an experimental feature and might change at any time
(Use `node --trace-warnings ...` to show where the warning was created)
(node:60745) ExperimentalWarning: SQLite is an experimental feature and might change at any time
(Use `node --trace-warnings ...` to show where the warning was created)
   Generating static pages (0/31) ...
(node:62331) ExperimentalWarning: SQLite is an experimental feature and might change at any time
(Use `node --trace-warnings ...` to show where the warning was created)
   Generating static pages (7/31) 
   Generating static pages (15/31) 
(node:62329) ExperimentalWarning: SQLite is an experimental feature and might change at any time
(Use `node --trace-warnings ...` to show where the warning was created)
   Generating static pages (23/31) 
 ✓ Generating static pages (31/31)
Killed
