npm warn Unknown env config "auto-install-peers". This will stop working in the next major version of npm.
npm warn Unknown env config "recursive". This will stop working in the next major version of npm.

> musu-bee@0.1.0 build
> NODE_ENV=production next build

   ▲ Next.js 15.5.14

   Creating an optimized production build ...


Retrying 1/3...
 ⚠ Compiled with warnings in 24.1s

./src/components/OAuthButtons.tsx
Attempted import error: 'getOAuthRedirectUrl' is not exported from '@/lib/supabase' (imported as 'getOAuthRedirectUrl').

Import trace for requested module:
./src/components/OAuthButtons.tsx
./src/app/auth/login/page.tsx



Retrying 1/3...


Retrying 1/3...


Retrying 1/3...


Retrying 1/3...


Retrying 1/3...


Retrying 1/3...
 ⚠ Compiled with warnings in 12.2s

./src/components/OAuthButtons.tsx
Attempted import error: 'getOAuthRedirectUrl' is not exported from '@/lib/supabase' (imported as 'getOAuthRedirectUrl').

Import trace for requested module:
./src/components/OAuthButtons.tsx
./src/app/auth/login/page.tsx

 ✓ Compiled successfully in 43s
   Skipping linting
   Checking validity of types ...
