npm warn Unknown env config "auto-install-peers". This will stop working in the next major version of npm.
npm warn Unknown env config "recursive". This will stop working in the next major version of npm.

> musu-bee@0.1.0 build
> NODE_ENV=production next build

   ▲ Next.js 15.5.14

   Creating an optimized production build ...


Retrying 1/3...


Retrying 1/3...


Retrying 1/3...


Retrying 1/3...


Retrying 1/3...
 ✓ Compiled successfully in 39.2s
   Skipping linting
   Checking validity of types ...
   Collecting page data ...
(node:19350) ExperimentalWarning: SQLite is an experimental feature and might change at any time
(Use `node --trace-warnings ...` to show where the warning was created)
(node:19339) ExperimentalWarning: SQLite is an experimental feature and might change at any time
(Use `node --trace-warnings ...` to show where the warning was created)
(node:19374) ExperimentalWarning: SQLite is an experimental feature and might change at any time
(Use `node --trace-warnings ...` to show where the warning was created)
(node:19399) ExperimentalWarning: SQLite is an experimental feature and might change at any time
(Use `node --trace-warnings ...` to show where the warning was created)
   Generating static pages (0/31) ...
   Generating static pages (7/31) 
(node:20681) ExperimentalWarning: SQLite is an experimental feature and might change at any time
(Use `node --trace-warnings ...` to show where the warning was created)
   Generating static pages (15/31) 
   Generating static pages (23/31) 
 ✓ Generating static pages (31/31)
(node:20685) ExperimentalWarning: SQLite is an experimental feature and might change at any time
(Use `node --trace-warnings ...` to show where the warning was created)

> Build error occurred
[Error: ENOENT: no such file or directory, rename '/tmp/mus1688-cleanroom-20260414T055346+0900/musu-bee/.next/export/404.html' -> '/tmp/mus1688-cleanroom-20260414T055346+0900/musu-bee/.next/server/pages/404.html'] {
  errno: -2,
  code: 'ENOENT',
  syscall: 'rename',
  path: '/tmp/mus1688-cleanroom-20260414T055346+0900/musu-bee/.next/export/404.html',
  dest: '/tmp/mus1688-cleanroom-20260414T055346+0900/musu-bee/.next/server/pages/404.html'
}
