npm warn Unknown env config "auto-install-peers". This will stop working in the next major version of npm.
npm warn Unknown env config "recursive". This will stop working in the next major version of npm.

> musu-bee@0.1.0 build
> NODE_ENV=production next build

   ▲ Next.js 15.5.14

   Creating an optimized production build ...


Retrying 1/3...


Retrying 1/3...


Retrying 1/3...
 ✓ Compiled successfully in 48s
   Skipping linting
   Checking validity of types ...
   Collecting page data ...
(node:48896) ExperimentalWarning: SQLite is an experimental feature and might change at any time
(Use `node --trace-warnings ...` to show where the warning was created)
(node:48886) ExperimentalWarning: SQLite is an experimental feature and might change at any time
(Use `node --trace-warnings ...` to show where the warning was created)
   Generating static pages (0/31) ...
   Generating static pages (7/31) 
(node:50913) ExperimentalWarning: SQLite is an experimental feature and might change at any time
(Use `node --trace-warnings ...` to show where the warning was created)
   Generating static pages (15/31) 
 ⨯ useSearchParams() should be wrapped in a suspense boundary at page "/auth/callback". Read more: https://nextjs.org/docs/messages/missing-suspense-with-csr-bailout
    at g (/tmp/mus1688-cleanroom-20260414T055346+0900/musu-bee/.next/server/chunks/906.js:1:83112)
    at m (/tmp/mus1688-cleanroom-20260414T055346+0900/musu-bee/.next/server/chunks/906.js:9:13010)
    at j (/tmp/mus1688-cleanroom-20260414T055346+0900/musu-bee/.next/server/app/auth/callback/page.js:1:3708)
    at n3 (/tmp/mus1688-cleanroom-20260414T055346+0900/musu-bee/node_modules/next/dist/compiled/next-server/app-page.runtime.prod.js:2:82831)
    at n6 (/tmp/mus1688-cleanroom-20260414T055346+0900/musu-bee/node_modules/next/dist/compiled/next-server/app-page.runtime.prod.js:2:84601)
    at n5 (/tmp/mus1688-cleanroom-20260414T055346+0900/musu-bee/node_modules/next/dist/compiled/next-server/app-page.runtime.prod.js:2:104801)
    at n7 (/tmp/mus1688-cleanroom-20260414T055346+0900/musu-bee/node_modules/next/dist/compiled/next-server/app-page.runtime.prod.js:2:102219)
    at n8 (/tmp/mus1688-cleanroom-20260414T055346+0900/musu-bee/node_modules/next/dist/compiled/next-server/app-page.runtime.prod.js:2:83183)
    at n6 (/tmp/mus1688-cleanroom-20260414T055346+0900/musu-bee/node_modules/next/dist/compiled/next-server/app-page.runtime.prod.js:2:84647)
    at n6 (/tmp/mus1688-cleanroom-20260414T055346+0900/musu-bee/node_modules/next/dist/compiled/next-server/app-page.runtime.prod.js:2:101560)
Error occurred prerendering page "/auth/callback". Read more: https://nextjs.org/docs/messages/prerender-error
Export encountered an error on /auth/callback/page: /auth/callback, exiting the build.
 ⨯ Next.js build worker exited with code: 1 and signal: null
