npm warn Unknown env config "auto-install-peers". This will stop working in the next major version of npm.
npm warn Unknown env config "recursive". This will stop working in the next major version of npm.

> musu-bee@0.1.0 build
> NODE_ENV=production next build

   ▲ Next.js 15.5.14

   Creating an optimized production build ...
 ✓ Compiled successfully in 25.4s
   Skipping linting
   Checking validity of types ...
Failed to compile.

./src/components/ChatArea.tsx:223:20
Type error: Property 'plan' does not exist on type 'Message'.

[0m [90m 221 |[39m [90m// Plan card rendered when msg.plan is present (numbered execution plan)[39m
 [90m 222 |[39m [36mfunction[39m [33mPlanCard[39m({ msg[33m,[39m onApprove[33m,[39m onReject }[33m:[39m { msg[33m:[39m [33mMessage[39m[33m;[39m onApprove[33m?[39m[33m:[39m (msgId[33m:[39m string) [33m=>[39m [36mvoid[39m[33m;[39m onReject[33m?[39m[33m:[39m (msgId[33m:[39m string) [33m=>[39m [36mvoid[39m }) {
[31m[1m>[22m[39m[90m 223 |[39m   [36mconst[39m plan [33m=[39m msg[33m.[39mplan[33m;[39m
 [90m     |[39m                    [31m[1m^[22m[39m
 [90m 224 |[39m   [36mif[39m ([33m![39mplan) [36mreturn[39m [36mnull[39m[33m;[39m
 [90m 225 |[39m
 [90m 226 |[39m   [36mconst[39m handleApprove [33m=[39m useCallback(() [33m=>[39m {[0m
Next.js build worker exited with code: 1 and signal: null
