npm warn Unknown env config "auto-install-peers". This will stop working in the next major version of npm.
npm warn Unknown env config "recursive". This will stop working in the next major version of npm.

> musu-bee@0.1.0 build
> NODE_ENV=production next build

   ▲ Next.js 15.5.14

   Creating an optimized production build ...


Retrying 1/3...


Retrying 1/3...


Retrying 2/3...
 ✓ Compiled successfully in 38.3s
   Skipping linting
   Checking validity of types ...
   Collecting page data ...
(node:19863) ExperimentalWarning: SQLite is an experimental feature and might change at any time
(Use `node --trace-warnings ...` to show where the warning was created)
(node:19854) ExperimentalWarning: SQLite is an experimental feature and might change at any time
(Use `node --trace-warnings ...` to show where the warning was created)
   Generating static pages (0/31) ...
Error occurred prerendering page "/500". Read more: https://nextjs.org/docs/messages/prerender-error
[Error: Cannot find module '/tmp/mus1688-cleanroom-20260414T055346+0900/musu-bee/.next/server/pages/500.js'
Require stack:
- /tmp/mus1688-cleanroom-20260414T055346+0900/musu-bee/node_modules/next/dist/server/require.js
- /tmp/mus1688-cleanroom-20260414T055346+0900/musu-bee/node_modules/next/dist/server/load-components.js
- /tmp/mus1688-cleanroom-20260414T055346+0900/musu-bee/node_modules/next/dist/build/utils.js
- /tmp/mus1688-cleanroom-20260414T055346+0900/musu-bee/node_modules/next/dist/build/worker.js
- /tmp/mus1688-cleanroom-20260414T055346+0900/musu-bee/node_modules/next/dist/compiled/jest-worker/processChild.js] {
  code: 'MODULE_NOT_FOUND',
  requireStack: [Array]
}
Export encountered an error on /500, exiting the build.
 ⨯ Next.js build worker exited with code: 1 and signal: null
