npm warn Unknown env config "auto-install-peers". This will stop working in the next major version of npm.
npm warn Unknown env config "recursive". This will stop working in the next major version of npm.

> musu-bee@0.1.0 build
> NODE_ENV=production next build

   ▲ Next.js 15.5.14

   Creating an optimized production build ...


Retrying 1/3...


Retrying 1/3...


Retrying 2/3...


Retrying 2/3...
 ✓ Compiled successfully in 19.2s
   Skipping linting
   Checking validity of types ...
   Collecting page data ...
(node:11545) ExperimentalWarning: SQLite is an experimental feature and might change at any time
(Use `node --trace-warnings ...` to show where the warning was created)
(node:11502) ExperimentalWarning: SQLite is an experimental feature and might change at any time
(Use `node --trace-warnings ...` to show where the warning was created)
(node:11533) ExperimentalWarning: SQLite is an experimental feature and might change at any time
(Use `node --trace-warnings ...` to show where the warning was created)
Killed
