npm warn Unknown env config "auto-install-peers". This will stop working in the next major version of npm.
npm warn Unknown env config "recursive". This will stop working in the next major version of npm.

> musu-bee@0.1.0 typecheck
> tsc --noEmit

src/app/api/webhooks/paddle/handler.ts(1,31): error TS2307: Cannot find module '@/lib/stripe' or its corresponding type declarations.
src/app/api/webhooks/paddle/handler.ts(10,3): error TS2724: '"@/lib/subscription"' has no exported member named 'hasProcessedPaddleEvent'. Did you mean 'hasProcessedEvent'?
src/app/api/webhooks/paddle/handler.ts(11,3): error TS2724: '"@/lib/subscription"' has no exported member named 'markPaddleEventProcessed'. Did you mean 'markEventProcessed'?
src/app/api/webhooks/paddle/handler.ts(61,7): error TS2339: Property 'stripeCustomerId' does not exist on type 'SubscriptionState'.
src/app/api/webhooks/paddle/handler.ts(61,30): error TS2339: Property 'stripeCustomerId' does not exist on type 'SubscriptionState'.
src/app/api/webhooks/paddle/handler.ts(62,7): error TS2551: Property 'stripeSubscriptionId' does not exist on type 'SubscriptionState'. Did you mean 'subscriptionId'?
src/app/api/webhooks/paddle/handler.ts(62,34): error TS2551: Property 'stripeSubscriptionId' does not exist on type 'SubscriptionState'. Did you mean 'subscriptionId'?
src/app/api/webhooks/paddle/handler.ts(68,9): error TS2551: Property '_processedPaddleEventIds' does not exist on type 'SubscriptionState'. Did you mean '_processedEventIds'?
src/app/api/webhooks/paddle/handler.ts(68,47): error TS2551: Property '_processedPaddleEventIds' does not exist on type 'SubscriptionState'. Did you mean '_processedEventIds'?
src/app/api/webhooks/paddle/handler.ts(71,12): error TS2551: Property '_processedPaddleEventIds' does not exist on type 'SubscriptionState'. Did you mean '_processedEventIds'?
src/app/api/webhooks/paddle/handler.ts(72,6): error TS7006: Parameter 'value' implicitly has an 'any' type.
src/app/api/webhooks/paddle/handler.ts(72,13): error TS7006: Parameter 'index' implicitly has an 'any' type.
src/app/api/webhooks/paddle/handler.ts(72,35): error TS2551: Property '_processedPaddleEventIds' does not exist on type 'SubscriptionState'. Did you mean '_processedEventIds'?
src/app/api/webhooks/paddle/handler.ts(147,9): error TS2561: Object literal may only specify known properties, but 'stripeSubscriptionId' does not exist in type 'SubscriptionState'. Did you mean to write 'subscriptionId'?
src/app/api/webhooks/paddle/handler.ts(148,49): error TS2339: Property 'stripeCustomerId' does not exist on type 'SubscriptionState'.
src/app/api/webhooks/paddle/handler.ts(160,19): error TS2551: Property 'stripeSubscriptionId' does not exist on type 'SubscriptionState'. Did you mean 'subscriptionId'?
src/app/api/webhooks/paddle/handler.ts(187,19): error TS2551: Property 'stripeSubscriptionId' does not exist on type 'SubscriptionState'. Did you mean 'subscriptionId'?
src/app/api/webhooks/paddle/handler.ts(197,9): error TS2561: Object literal may only specify known properties, but 'stripeSubscriptionId' does not exist in type 'SubscriptionState'. Did you mean to write 'subscriptionId'?
src/app/api/webhooks/paddle/route.test.ts(22,5): error TS2353: Object literal may only specify known properties, and 'stripeCustomerId' does not exist in type 'SubscriptionState'.
src/app/api/webhooks/paddle/route.test.ts(119,22): error TS2551: Property 'stripeSubscriptionId' does not exist on type 'SubscriptionState'. Did you mean 'subscriptionId'?
src/app/api/webhooks/paddle/route.test.ts(154,11): error TS2551: Property '_processedPaddleEventIds' does not exist on type 'SubscriptionState'. Did you mean '_processedEventIds'?
src/app/api/webhooks/paddle/route.test.ts(163,5): error TS2353: Object literal may only specify known properties, and 'stripeCustomerId' does not exist in type 'Partial<SubscriptionState>'.
src/app/api/webhooks/paddle/route.test.ts(209,5): error TS2353: Object literal may only specify known properties, and 'stripeCustomerId' does not exist in type 'Partial<SubscriptionState>'.
src/app/api/webhooks/paddle/route.test.ts(247,22): error TS2551: Property 'stripeSubscriptionId' does not exist on type 'SubscriptionState'. Did you mean 'subscriptionId'?
src/app/api/webhooks/paddle/route.test.ts(254,5): error TS2353: Object literal may only specify known properties, and 'stripeCustomerId' does not exist in type 'Partial<SubscriptionState>'.
src/app/api/webhooks/paddle/route.test.ts(283,19): error TS2551: Property '_processedPaddleEventIds' does not exist on type 'SubscriptionState'. Did you mean '_processedEventIds'?
src/app/api/webhooks/paddle/route.test.ts(314,22): error TS2551: Property '_processedPaddleEventIds' does not exist on type 'SubscriptionState'. Did you mean '_processedEventIds'?
src/app/api/webhooks/paddle/route.test.ts(350,22): error TS2551: Property '_processedPaddleEventIds' does not exist on type 'SubscriptionState'. Did you mean '_processedEventIds'?
src/app/api/webhooks/paddle/route.test.ts(359,22): error TS2551: Property 'stripeSubscriptionId' does not exist on type 'SubscriptionState'. Did you mean 'subscriptionId'?
src/app/api/webhooks/paddle/route.test.ts(370,22): error TS2551: Property '_processedPaddleEventIds' does not exist on type 'SubscriptionState'. Did you mean '_processedEventIds'?
src/components/AppShell.tsx(437,11): error TS2322: Type '{ key: ChannelId; channelId: ChannelId; messages: Message[]; onSend: (text: string) => void; isAgentTyping: boolean; isConnected: boolean | undefined; channelDescription: string | undefined; ... 8 more ...; onRejectPlan: any; }' is not assignable to type 'IntrinsicAttributes & ChatAreaProps'.
  Property 'onApprovePlan' does not exist on type 'IntrinsicAttributes & ChatAreaProps'.
src/components/AppShell.tsx(437,48): error TS2339: Property 'approvePlan' does not exist on type 'UseChatReturn'.
src/components/AppShell.tsx(438,47): error TS2339: Property 'rejectPlan' does not exist on type 'UseChatReturn'.
src/lib/paddle.ts(2,31): error TS2307: Cannot find module './stripe' or its corresponding type declarations.
src/lib/useCompanyState.ts(11,8): error TS2307: Cannot find module '@/lib/companySetup.shared' or its corresponding type declarations.
src/lib/useCompanyState.ts(12,10): error TS2305: Module '"@/lib/companyScope"' has no exported member 'resolveCompanyScopeFromClientContext'.
