npm warn Unknown env config "auto-install-peers". This will stop working in the next major version of npm.
npm warn Unknown env config "recursive". This will stop working in the next major version of npm.

> musu-bee@0.1.0 build
> NODE_ENV=production next build

   ▲ Next.js 15.5.14
   - Environments: .env.local

   Creating an optimized production build ...


Retrying 1/3...


Retrying 1/3...
 ✓ Compiled successfully in 19.3s
   Skipping linting
   Checking validity of types ...
   Collecting page data ...

> Build error occurred
[Error: ENOENT: no such file or directory, open '/home/hugh51/musu-functions/musu-bee/.next/server/pages-manifest.json'] {
  errno: -2,
  code: 'ENOENT',
  syscall: 'open',
  path: '/home/hugh51/musu-functions/musu-bee/.next/server/pages-manifest.json'
}
