npm warn Unknown env config "auto-install-peers". This will stop working in the next major version of npm.
npm warn Unknown env config "recursive". This will stop working in the next major version of npm.

> musu-bee@0.1.0 build
> NODE_ENV=production next build

   ▲ Next.js 15.5.14

   Creating an optimized production build ...


Retrying 1/3...
 ✓ Compiled successfully in 33.9s
   Skipping linting
   Checking validity of types ...
   Collecting page data ...
(node:12904) ExperimentalWarning: SQLite is an experimental feature and might change at any time
(Use `node --trace-warnings ...` to show where the warning was created)
(node:12798) ExperimentalWarning: SQLite is an experimental feature and might change at any time
(Use `node --trace-warnings ...` to show where the warning was created)
   Generating static pages (0/31) ...
   Generating static pages (7/31) 
(node:15553) ExperimentalWarning: SQLite is an experimental feature and might change at any time
(Use `node --trace-warnings ...` to show where the warning was created)
(node:15555) ExperimentalWarning: SQLite is an experimental feature and might change at any time
(Use `node --trace-warnings ...` to show where the warning was created)
   Generating static pages (15/31) 
 ⨯ useSearchParams() should be wrapped in a suspense boundary at page "/app". Read more: https://nextjs.org/docs/messages/missing-suspense-with-csr-bailout
    at g (/home/hugh51/musu-functions/.worktrees/mus1688-rev11-disk-20260414T062706+0900/musu-bee/.next/server/chunks/906.js:1:83252)
    at m (/home/hugh51/musu-functions/.worktrees/mus1688-rev11-disk-20260414T062706+0900/musu-bee/.next/server/chunks/906.js:9:13045)
    at /home/hugh51/musu-functions/.worktrees/mus1688-rev11-disk-20260414T062706+0900/musu-bee/.next/server/app/app/page.js:3:9836
    at R (/home/hugh51/musu-functions/.worktrees/mus1688-rev11-disk-20260414T062706+0900/musu-bee/.next/server/app/app/page.js:3:13465)
    at n3 (/home/hugh51/musu-functions/.worktrees/mus1688-rev11-disk-20260414T062706+0900/musu-bee/node_modules/next/dist/compiled/next-server/app-page.runtime.prod.js:2:82831)
    at n6 (/home/hugh51/musu-functions/.worktrees/mus1688-rev11-disk-20260414T062706+0900/musu-bee/node_modules/next/dist/compiled/next-server/app-page.runtime.prod.js:2:84601)
    at n6 (/home/hugh51/musu-functions/.worktrees/mus1688-rev11-disk-20260414T062706+0900/musu-bee/node_modules/next/dist/compiled/next-server/app-page.runtime.prod.js:2:101560)
    at n5 (/home/hugh51/musu-functions/.worktrees/mus1688-rev11-disk-20260414T062706+0900/musu-bee/node_modules/next/dist/compiled/next-server/app-page.runtime.prod.js:2:104801)
    at n7 (/home/hugh51/musu-functions/.worktrees/mus1688-rev11-disk-20260414T062706+0900/musu-bee/node_modules/next/dist/compiled/next-server/app-page.runtime.prod.js:2:102219)
    at ia (/home/hugh51/musu-functions/.worktrees/mus1688-rev11-disk-20260414T062706+0900/musu-bee/node_modules/next/dist/compiled/next-server/app-page.runtime.prod.js:2:108211)
Error occurred prerendering page "/app". Read more: https://nextjs.org/docs/messages/prerender-error
Export encountered an error on /app/page: /app, exiting the build.
 ⨯ Next.js build worker exited with code: 1 and signal: null
