timestamp_utc=2026-04-12T19:36:16Z
bundle=artifacts/mus1582-linkage-20260412T193540Z
A1_readable_paths_start
ok:.qa-artifacts/g2-mus1582-design-pr-check-20260412T183811Z.log
ok:.qa-artifacts/g2-mus1582-recheck-body-20260412T185657Z.log
ok:.qa-artifacts/mus1582_replay_20260413T0352KST.log
ok:.qa-artifacts/g2-run-linkage-replay-20260412T184920Z.log
A1_readable_paths_end
A2_pr_check_fields_start
check_id=70369014446 status=failure url=https://github.com/yellowhama/musu-bee/actions/runs/24119046549/job/70369014446 captured_at=2026-04-08T05:14:33Z
check_id=70369014478 status=success url=https://github.com/yellowhama/musu-bee/actions/runs/24119046550/job/70369014478 captured_at=2026-04-08T05:16:32Z
check_id=70369027337 status=success url=https://github.com/yellowhama/musu-bee/actions/runs/24119051063/job/70369027337 captured_at=2026-04-08T05:16:31Z
check_id=70369027375 status=failure url=https://github.com/yellowhama/musu-bee/actions/runs/24119051061/job/70369027375 captured_at=2026-04-08T05:14:48Z
A2_pr_check_fields_end
A3_trace_resolution_start
0c8e5cb9-8f7d-49ab-994a-95086d390c18	2026-04-12T18:52:05.791Z
ed2a7a08-01fa-4ecf-ae9d-7e6ce1db6b9b	2026-04-12T18:50:15.513Z
631adaa5-0fea-49fe-80d5-52926bf7e616	2026-04-12T18:38:54.785Z
b64c1871-86c0-4295-b722-23a48e8ebbad	2026-04-12T13:18:12.666Z
A3_trace_resolution_end
A5_no_tbd_start
tbd_found=false
A5_no_tbd_end
A4_replay_diff_start
a4_mapping_replay_match=true
A4_replay_diff_end
