npm warn Unknown env config "auto-install-peers". This will stop working in the next major version of npm.
npm warn Unknown env config "recursive". This will stop working in the next major version of npm.

> musu-bee@0.1.0 build
> NODE_ENV=production next build

   ▲ Next.js 15.5.14
   - Environments: .env.local

   Creating an optimized production build ...


Retrying 1/3...
 ✓ Compiled successfully in 18.5s
   Skipping linting
   Checking validity of types ...
   Collecting page data ...
unhandledRejection [Error: Cannot find module './723.js'
Require stack:
- /home/hugh51/musu-functions/musu-bee/.next/server/webpack-runtime.js
- /home/hugh51/musu-functions/musu-bee/.next/server/pages/_document.js
- /home/hugh51/musu-functions/musu-bee/node_modules/.pnpm/next@15.5.14_@playwright+test@1.59.1_react-dom@19.2.4_react@19.2.4__react@19.2.4/node_modules/next/dist/server/require.js
- /home/hugh51/musu-functions/musu-bee/node_modules/.pnpm/next@15.5.14_@playwright+test@1.59.1_react-dom@19.2.4_react@19.2.4__react@19.2.4/node_modules/next/dist/server/load-components.js
- /home/hugh51/musu-functions/musu-bee/node_modules/.pnpm/next@15.5.14_@playwright+test@1.59.1_react-dom@19.2.4_react@19.2.4__react@19.2.4/node_modules/next/dist/build/utils.js
- /home/hugh51/musu-functions/musu-bee/node_modules/.pnpm/next@15.5.14_@playwright+test@1.59.1_react-dom@19.2.4_react@19.2.4__react@19.2.4/node_modules/next/dist/build/worker.js
- /home/hugh51/musu-functions/musu-bee/node_modules/.pnpm/next@15.5.14_@playwright+test@1.59.1_react-dom@19.2.4_react@19.2.4__react@19.2.4/node_modules/next/dist/compiled/jest-worker/processChild.js] {
  type: 'Error',
  code: 'MODULE_NOT_FOUND',
  requireStack: [Array]
}
