src/app/faq/page.tsx:35:  color: "#facc15",
src/app/landing/page.tsx:172:  color: "#facc15",
src/app/landing/page.tsx:214:  color: "#facc15",
src/app/landing/page.tsx:254:  background: "#facc15",
src/app/landing/page.tsx:295:  color: "#facc15",
src/app/landing/page.tsx:356:  color: "#facc15",
src/app/landing/page.tsx:390:  background: "#facc15",
src/components/PublicSiteShell.tsx:102:  background: "#facc15",
src/app/install/page.tsx:24:              <div style={{ fontSize: 12, color: "#facc15", fontWeight: 800, marginBottom: 8 }}>
src/app/install/page.tsx:42:  color: "#facc15",
src/app/pricing/page.tsx:138:  color: "#facc15",
src/app/pricing/page.tsx:191:  color: "#facc15",
src/app/pricing/page.tsx:218:  background: "#facc15",
src/app/pricing/page.tsx:308:  color: "#facc15",
src/app/pro/page.tsx:138:              color: "#facc15",
src/app/pro/page.tsx:168:              background: "#facc15",
src/app/pro/page.tsx:200:            color: "#facc15",
src/app/pro/page.tsx:223:              background: "linear-gradient(135deg, #facc15 0%, #f97316 100%)",
src/app/pro/page.tsx:251:              background: "#facc15",
src/app/pro/page.tsx:325:                    background: d.status === "online" ? "#22c55e" : d.status === "busy" ? "#facc15" : "#374151",
src/app/pro/page.tsx:443:                background: tier.highlight ? "#facc15" : "#111",
src/app/pro/page.tsx:538:                  color: tier.highlight ? "#facc15" : "#f3f4f6",
src/app/pro/page.tsx:567:          <span style={{ color: "#facc15" }}>베타 무료</span>
src/app/pro/page.tsx:585:            background: "#facc15",
