npm warn Unknown env config "auto-install-peers". This will stop working in the next major version of npm.
npm warn Unknown env config "recursive". This will stop working in the next major version of npm.

> musu-bee@0.1.0 build
> NODE_ENV=production next build

 ⚠ Warning: Next.js inferred your workspace root, but it may not be correct.
 We detected multiple lockfiles and selected the directory of /home/hugh51/package-lock.json as the root directory.
 To silence this warning, set `outputFileTracingRoot` in your Next.js config, or consider removing one of the lockfiles if it's not needed.
   See https://nextjs.org/docs/app/api-reference/config/next-config-js/output#caveats for more information.
 Detected additional lockfiles: 
   * /home/hugh51/musu-functions/.worktrees/mus1688-proof-1cfdfa75/musu-bee/pnpm-lock.yaml

   ▲ Next.js 15.5.14

   Creating an optimized production build ...
Failed to compile.

./src/components/AppShell.tsx
Module not found: Can't resolve '@/lib/useAuth'

https://nextjs.org/docs/messages/module-not-found

./src/components/AppShell.tsx
Module not found: Can't resolve '@/lib/useDeviceDiscovery'

https://nextjs.org/docs/messages/module-not-found

./src/components/AppShell.tsx
Module not found: Can't resolve '@/lib/useAgentsSurface'

https://nextjs.org/docs/messages/module-not-found

./src/components/AppShell.tsx
Module not found: Can't resolve '@/lib/useCompanyState'

https://nextjs.org/docs/messages/module-not-found

./src/components/AppShell.tsx
Module not found: Can't resolve '@/lib/useServiceHealth'

https://nextjs.org/docs/messages/module-not-found


> Build failed because of webpack errors
