npm warn Unknown env config "auto-install-peers". This will stop working in the next major version of npm.
npm warn Unknown env config "recursive". This will stop working in the next major version of npm.

> musu-bee@0.1.0 build
> NODE_ENV=production next build

   ▲ Next.js 15.5.14
   - Environments: .env.local

   Creating an optimized production build ...


Retrying 1/3...
 ✓ Compiled successfully in 31.9s

> Build error occurred
SyntaxError: Unexpected end of JSON input
    at JSON.parse (<anonymous>)
piled successfully in 27.4s
   Skipping linting
   Checking validity of types ...
   Collecting page data ...
(node:97576) ExperimentalWarning: SQLite is an experimental feature and might change at any time
(Use `node --trace-warnings ...` to show where the warning was created)
(node:97574) ExperimentalWarning: SQLite is an experimental feature and might change at any time
(Use `node --trace-warnings ...` to show where the warning was created)
   Generating static pages (0/32) ...
   Generating static pages (8/32) 
(node:98223) ExperimentalWarning: SQLite is an experimental feature and might change at any time
(Use `node --trace-warnings ...` to show where the warning was created)
   Generating static pages (16/32) 
   Generating static pages (24/32) 
 ✓ Generating static pages (32/32)
   Finalizing page optimization ...
   Collecting build traces ...
[Error: ENOENT: no such file or directory, open '/home/hugh51/musu-functions/musu-bee/.next/server/app/_not-found/page.js.nft.json'] {
  errno: -2,
  code: 'ENOENT',
  syscall: 'open',
  path: '/home/hugh51/musu-functions/musu-bee/.next/server/app/_not-found/page.js.nft.json'
}
