CMD: npm run build
EXIT_CODE: 1
STDOUT_BEGIN

> musu-bee@0.1.0 build
> NODE_ENV=production next build

   ▲ Next.js 15.5.14
   - Environments: .env.local

   Creating an optimized production build ...
 ✓ Compiled successfully in 29.8s
   Skipping linting
   Checking validity of types ...
   Collecting page data ...
   Generating static pages (0/32) ...
   Generating static pages (8/32) 
   Generating static pages (16/32) 
   Generating static pages (24/32) 
 ✓ Generating static pages (32/32)
   Finalizing page optimization ...
   Collecting build traces ...
STDOUT_END
STDERR_BEGIN
npm warn Unknown env config "auto-install-peers". This will stop working in the next major version of npm.
npm warn Unknown env config "recursive". This will stop working in the next major version of npm.


Retrying 1/3...


Retrying 1/3...


Retrying 1/3...
(node:69568) ExperimentalWarning: SQLite is an experimental feature and might change at any time
(Use `node --trace-warnings ...` to show where the warning was created)
(node:69570) ExperimentalWarning: SQLite is an experimental feature and might change at any time
(Use `node --trace-warnings ...` to show where the warning was created)
(node:69618) ExperimentalWarning: SQLite is an experimental feature and might change at any time
(Use `node --trace-warnings ...` to show where the warning was created)
(node:70092) ExperimentalWarning: SQLite is an experimental feature and might change at any time
(Use `node --trace-warnings ...` to show where the warning was created)
(node:70088) ExperimentalWarning: SQLite is an experimental feature and might change at any time
(Use `node --trace-warnings ...` to show where the warning was created)
[Error: ENOENT: no such file or directory, open '/home/hugh51/musu-functions/musu-bee/.next/server/app/_not-found/page.js.nft.json'] {
  errno: -2,
  code: 'ENOENT',
  syscall: 'open',
  path: '/home/hugh51/musu-functions/musu-bee/.next/server/app/_not-found/page.js.nft.json'
}
STDERR_END
