{
    "action":  "uninstall",
    "action_result":  {
                          "uninstall_requested":  true,
                          "task_installed_before":  false,
                          "task_delete_exit_code":  null,
                          "task_delete_summary":  "",
                          "startup_launcher_removed":  true,
                          "service_launcher_removed":  true,
                          "stopped":  true,
                          "stopped_pid":  36992
                      },
    "version":  1,
    "checked_at":  "2026-04-02T04:21:19.1582191+09:00",
    "host":  "HUGH_SECOND",
    "state":  "offline",
    "runtime_state":  "offline",
    "install_state":  "not-installed",
    "install_state_source":  "none",
    "recommended_action":  "install",
    "pid":  null,
    "pid_running":  false,
    "last_seen":  "",
    "age_seconds":  null,
    "heartbeat_exists":  false,
    "heartbeat_path":  "Z:\\home\\hugh51\\musu-functions\\musu-computer-tools\\.windows-bridge\\state\\helper-heartbeat.json",
    "task_name":  "MUSU Windows Bridge Helper",
    "task_installed":  false,
    "task_query_exit_code":  1,
    "task_query_summary":  "오류: 지정된 파일을 찾을 수 없습니다.",
    "startup_launcher_path":  "C:\\Users\\empty\\AppData\\Roaming\\Microsoft\\Windows\\Start Menu\\Programs\\Startup\\MUSU Windows Bridge Helper.cmd",
    "startup_launcher_exists":  false,
    "service_launcher_path":  "C:\\Users\\empty\\AppData\\Local\\MUSU\\WindowsBridge\\start-helper-service.cmd",
    "service_launcher_exists":  false,
    "helper_script_path":  "Z:\\home\\hugh51\\musu-functions\\musu-computer-tools\\scripts\\windows-bridge\\windows-bridge-helper.ps1"
}
