

PSMessageDetails      : 
Exception             : System.Management.Automation.ParseException: 위치 \\wsl.localhost\Ubuntu-22.04\home\hugh51\musu-f
                        unctions\musu-computer-tools\scripts\windows-bridge\helper-lifecycle.ps1:181 문자:21
                        +     $detail -match "(?i)schtasks timed out" -or
                        +                     ~
                        식 또는 문에서 예기치 않은 '(' 토큰입니다.
                        
                        위치 \\wsl.localhost\Ubuntu-22.04\home\hugh51\musu-functions\musu-computer-tools\scripts\windows-
                        bridge\helper-lifecycle.ps1:181 문자:21
                        +     $detail -match "(?i)schtasks timed out" -or
                        +                     ~
                        식에 닫는 ')'가 없습니다.
                        
                        위치 \\wsl.localhost\Ubuntu-22.04\home\hugh51\musu-functions\musu-computer-tools\scripts\windows-
                        bridge\helper-lifecycle.ps1:181 문자:25
                        +     $detail -match "(?i)schtasks timed out" -or
                        +                         ~~~~~~~~
                        식 또는 문에서 예기치 않은 'schtasks' 토큰입니다.
                        
                        위치 \\wsl.localhost\Ubuntu-22.04\home\hugh51\musu-functions\musu-computer-tools\scripts\windows-
                        bridge\helper-lifecycle.ps1:542 문자:10
                        +   "status" {
                        +          ~~~
                        문자열에 " 종결자가 없습니다.
                        
                        위치 \\wsl.localhost\Ubuntu-22.04\home\hugh51\musu-functions\musu-computer-tools\scripts\windows-
                        bridge\helper-lifecycle.ps1:470 문자:78
                        + ... summary       = $(if ($runResult) { $runResult.summary } else { "" })
                        +                                                                     ~~~~
                        문자열에 " 종결자가 없습니다.
                        
                        위치 \\wsl.localhost\Ubuntu-22.04\home\hugh51\musu-functions\musu-computer-tools\scripts\windows-
                        bridge\helper-lifecycle.ps1:470 문자:76
                        + ... summary       = $(if ($runResult) { $runResult.summary } else { "" })
                        +                                                                   ~
                        문 블록 또는 형식 정의에 닫는 '}'가 없습니다.
                        
                        위치 \\wsl.localhost\Ubuntu-22.04\home\hugh51\musu-functions\musu-computer-tools\scripts\windows-
                        bridge\helper-lifecycle.ps1:470 문자:83
                        + ... summary       = $(if ($runResult) { $runResult.summary } else { "" })
                        +                                                                          ~
                        하위 식에 닫는 ')'가 없습니다.
                        
                        위치 \\wsl.localhost\Ubuntu-22.04\home\hugh51\musu-functions\musu-computer-tools\scripts\windows-
                        bridge\helper-lifecycle.ps1:504 문자:82
                        + ... ummary      = $(if ($taskDelete) { $taskDelete.summary } else { "" })
                        +                                                                     ~~~~
                        문자열에 " 종결자가 없습니다.
                        
                        위치 \\wsl.localhost\Ubuntu-22.04\home\hugh51\musu-functions\musu-computer-tools\scripts\windows-
                        bridge\helper-lifecycle.ps1:504 문자:80
                        + ... ummary      = $(if ($taskDelete) { $taskDelete.summary } else { "" })
                        +                                                                   ~
                        문 블록 또는 형식 정의에 닫는 '}'가 없습니다.
                        
                        위치 \\wsl.localhost\Ubuntu-22.04\home\hugh51\musu-functions\musu-computer-tools\scripts\windows-
                        bridge\helper-lifecycle.ps1:504 문자:87
                        + ... ummary      = $(if ($taskDelete) { $taskDelete.summary } else { "" })
                        +                                                                          ~
                        하위 식에 닫는 ')'가 없습니다.
                        
                        일부 구문 분석 오류가 보고되지 않았습니다. 보고된 오류를 해결한 후 다시 시도하십시오.
                           위치: System.Management.Automation.ExceptionHandlingOps.CheckActionPreference(FunctionContext 
                        funcContext, Exception exception)
                           위치: System.Management.Automation.Interpreter.ActionCallInstruction`2.Run(InterpretedFrame fr
                        ame)
                           위치: System.Management.Automation.Interpreter.EnterTryCatchFinallyInstruction.Run(Interpreted
                        Frame frame)
                           위치: System.Management.Automation.Interpreter.EnterTryCatchFinallyInstruction.Run(Interpreted
                        Frame frame)
TargetObject          : 
CategoryInfo          : ParserError: (:) [], ParseException
FullyQualifiedErrorId : UnexpectedToken
ErrorDetails          : 
InvocationInfo        : System.Management.Automation.InvocationInfo
ScriptStackTrace      : 위치: <ScriptBlock>, \\wsl.localhost\Ubuntu-22.04\home\hugh51\musu-functions\musu-computer-tools\
                        scripts\windows-bridge\debug-helper-lifecycle.ps1: 8번째 줄
                        위치: <ScriptBlock>, <파일 없음>: 1번째 줄
PipelineIterationInfo : {}




위치: <ScriptBlock>, \\wsl.localhost\Ubuntu-22.04\home\hugh51\musu-functions\musu-computer-tools\scripts\windows-bridge\debug-helper-lifecycle.ps1: 8번째 줄
위치: <ScriptBlock>, <파일 없음>: 1번째 줄