{
    "action":  "status",
    "action_result":  {
                          "status_only":  true
                      },
    "version":  1,
    "checked_at":  "2026-04-02T04:16:54.2612026+09:00",
    "host":  "HUGH_SECOND",
    "state":  "online",
    "runtime_state":  "online",
    "install_state":  "manual",
    "install_state_source":  "runtime-only",
    "recommended_action":  "none",
    "pid":  47352,
    "pid_running":  true,
    "last_seen":  "2026-04-02T04:16:51.9497194+09:00",
    "age_seconds":  2,
    "heartbeat_exists":  true,
    "heartbeat_path":  "\\\\wsl.localhost\\Ubuntu-22.04\\home\\hugh51\\musu-functions\\musu-computer-tools\\.windows-bridge\\state\\helper-heartbeat.json",
    "task_name":  "MUSU Windows Bridge Helper",
    "task_installed":  false,
    "task_query_exit_code":  1,
    "task_query_summary":  "오류: 잘못된 인수/옵션 - \u0027Windows\u0027. 사용법을 보려면 \"SCHTASKS /QUERY /?\"를 입력하십시오.",
    "startup_launcher_path":  "C:\\Users\\empty\\AppData\\Roaming\\Microsoft\\Windows\\Start Menu\\Programs\\Startup\\MUSU Windows Bridge Helper.cmd",
    "startup_launcher_exists":  false,
    "service_launcher_path":  "C:\\Users\\empty\\AppData\\Local\\MUSU\\WindowsBridge\\start-helper-service.cmd",
    "service_launcher_exists":  false,
    "helper_script_path":  "\\\\wsl.localhost\\Ubuntu-22.04\\home\\hugh51\\musu-functions\\musu-computer-tools\\scripts\\windows-bridge\\windows-bridge-helper.ps1"
}