**********************************************************************
** Visual Studio 2019 Developer PowerShell v16.11.52
** Copyright (c) 2021 Microsoft Corporation
**********************************************************************
   Compiling proc-macro2 v1.0.106
   Compiling quote v1.0.45
   Compiling unicode-ident v1.0.24
   Compiling cfg-if v1.0.4
   Compiling smallvec v1.15.1
   Compiling once_cell v1.21.4
   Compiling windows-link v0.2.1
   Compiling shlex v1.3.0
   Compiling find-msvc-tools v0.1.9
   Compiling bytes v1.11.1
   Compiling pin-project-lite v0.2.17
   Compiling version_check v0.9.5
   Compiling itoa v1.0.18
   Compiling futures-core v0.3.32
   Compiling windows-sys v0.61.2
   Compiling stable_deref_trait v1.2.1
   Compiling parking_lot_core v0.9.12
   Compiling scopeguard v1.2.0
   Compiling zerocopy v0.8.48
   Compiling log v0.4.29
   Compiling zeroize v1.8.2
   Compiling cc v1.2.58
   Compiling tracing-core v0.1.36
   Compiling http v1.4.0
   Compiling typenum v1.19.0
   Compiling lock_api v0.4.14
   Compiling rustls-pki-types v1.14.0
   Compiling generic-array v0.14.7
   Compiling getrandom v0.2.17
   Compiling parking_lot v0.12.5
   Compiling untrusted v0.9.0
   Compiling futures-sink v0.3.32
   Compiling httparse v1.10.1
   Compiling rustls v0.23.37
   Compiling http-body v1.0.1
   Compiling litemap v0.8.1
   Compiling writeable v0.6.2
   Compiling futures-task v0.3.32
   Compiling serde_core v1.0.228
   Compiling slab v0.4.12
   Compiling getrandom v0.3.4
   Compiling ring v0.17.14
   Compiling tower-service v0.3.3
   Compiling icu_normalizer_data v2.1.1
   Compiling syn v2.0.117
   Compiling subtle v2.6.1
   Compiling icu_properties_data v2.1.2
   Compiling percent-encoding v2.3.2
   Compiling try-lock v0.2.5
   Compiling libc v0.2.183
   Compiling want v0.3.1
   Compiling block-buffer v0.10.4
   Compiling socket2 v0.6.3
   Compiling mio v1.2.0
   Compiling rand_core v0.9.5
   Compiling crypto-common v0.1.7
   Compiling webpki-roots v1.0.6
   Compiling ahash v0.8.12
   Compiling sync_wrapper v1.0.2
   Compiling futures-channel v0.3.32
   Compiling atomic-waker v1.1.2
   Compiling tower-layer v0.3.3
   Compiling thiserror v2.0.18
   Compiling zmij v1.0.21
   Compiling serde v1.0.228
   Compiling httpdate v1.0.3
   Compiling digest v0.10.7
   Compiling form_urlencoded v1.2.2
   Compiling cpufeatures v0.2.17
   Compiling ipnet v2.12.0
   Compiling serde_json v1.0.149
   Compiling pkg-config v0.3.32
   Compiling vcpkg v0.2.15
   Compiling base64 v0.22.1
   Compiling sha1 v0.10.6
   Compiling ppv-lite86 v0.2.21
   Compiling http-body-util v0.1.3
   Compiling utf8_iter v1.0.4
   Compiling data-encoding v2.10.0
   Compiling ryu v1.0.23
   Compiling memchr v2.8.0
   Compiling rand_chacha v0.9.0
   Compiling libsqlite3-sys v0.30.1
   Compiling utf-8 v0.7.6
   Compiling bitflags v2.11.0
   Compiling hashbrown v0.14.5
   Compiling webpki-roots v0.26.11
   Compiling rand v0.9.2
   Compiling mime v0.3.17
   Compiling iri-string v0.7.12
   Compiling regex-syntax v0.8.10
   Compiling serde_path_to_error v0.1.20
   Compiling fallible-iterator v0.3.0
   Compiling matchit v0.8.4
   Compiling hashlink v0.9.1
   Compiling fallible-streaming-iterator v0.1.9
   Compiling lazy_static v1.5.0
   Compiling nu-ansi-term v0.50.3
   Compiling sharded-slab v0.1.7
   Compiling synstructure v0.13.2
   Compiling tracing-log v0.2.0
   Compiling thread_local v1.1.9
   Compiling regex-automata v0.4.14
   Compiling rustls-webpki v0.103.10
   Compiling zerofrom-derive v0.1.6
   Compiling yoke-derive v0.8.1
   Compiling zerovec-derive v0.11.2
   Compiling tokio-macros v2.6.1
   Compiling displaydoc v0.2.5
   Compiling tracing-attributes v0.1.31
   Compiling futures-macro v0.3.32
   Compiling serde_derive v1.0.228
   Compiling thiserror-impl v2.0.18
   Compiling tokio v1.50.0
   Compiling futures-util v0.3.32
   Compiling tracing v0.1.44
   Compiling matchers v0.2.0
   Compiling rusqlite v0.32.1
   Compiling zerofrom v0.1.6
   Compiling axum-core v0.5.6
   Compiling tracing-subscriber v0.3.23
   Compiling yoke v0.8.1
   Compiling zerovec v0.11.5
   Compiling zerotrie v0.2.3
   Compiling tungstenite v0.28.0
   Compiling tinystr v0.8.2
   Compiling potential_utf v0.1.4
   Compiling icu_collections v2.1.1
   Compiling icu_locale_core v2.1.1
   Compiling hyper v1.9.0
   Compiling tokio-rustls v0.26.4
   Compiling tower v0.5.3
   Compiling tokio-util v0.7.18
   Compiling serde_urlencoded v0.7.1
   Compiling tokio-tungstenite v0.28.0
   Compiling icu_provider v2.1.1
   Compiling tower-http v0.6.8
   Compiling icu_normalizer v2.1.1
   Compiling icu_properties v2.1.2
   Compiling hyper-util v0.1.20
   Compiling idna_adapter v1.2.1
   Compiling idna v1.1.0
   Compiling url v2.5.8
   Compiling hyper-rustls v0.27.7
   Compiling axum v0.8.8
   Compiling reqwest v0.12.28
   Compiling musu-port-core v0.1.0 (Z:\home\hugh51\musu-functions\musu-port\crates\musu-port-core)
   Compiling musu-portd v0.1.0 (Z:\home\hugh51\musu-functions\musu-port\apps\musu-portd)
    Finished `dev` profile [unoptimized + debuginfo] target(s) in 1m 39s
windows-native-smoke step: wait_health
windows-native-smoke step: routes
windows-native-smoke step: discovery
windows-native-smoke step: connect_mode
windows-native-smoke step: connect_status
windows-native-smoke step: coverage
windows-native-smoke step: metadata_export
{
    "runtime":  {
                    "preferred_executable_path":  "C:\\Users\\empty\\AppData\\Local\\Temp\\musu-port-win-target-8a5b0169b6c74b408a5433fa0ab0753f\\debug\\musu-portd.exe",
                    "device_id":  "windows-native-smoke",
                    "device_profile_loaded":  true,
                    "preferred_executable_kind":  "windows_exe",
                    "data_root":  "C:\\Users\\empty\\AppData\\Local\\Temp\\musu-port-win-smoke-f02bf53fa0d045aa865312a9b408a227",
                    "binary_kind":  "windows_exe",
                    "runtime_context":  "windows",
                    "filesystem_context":  "windows_native",
                    "discovery_provider":  "windows"
                },
    "routes":  {
                   "route_count":  null,
                   "has_validation_alias":  false
               },
    "discovery":  {
                      "has_probe_port":  true,
                      "endpoint_count":  167,
                      "has_backend_port":  false
                  },
    "connect":  {
                    "connect_kind":  "http_alias",
                    "delivery_contract":  "connect_url_handoff",
                    "connect_url":  "http://127.0.0.1:7114/windows-validation-api",
                    "allowed":  true
                },
    "coverage":  {
                     "roundtrip_ready":  true,
                     "windows_data_root":  "C:\\Users\\empty\\AppData\\Local\\Temp\\musu-port-win-smoke-f02bf53fa0d045aa865312a9b408a227"
                 },
    "metadata_export":  {
                            "format":  "json",
                            "path":  "C:\\Users\\empty\\AppData\\Local\\Temp\\musu-port-win-smoke-f02bf53fa0d045aa865312a9b408a227\\reports\\port-manager\\metadata\\metadata-report-1775061638628994800.json",
                            "generated_at":  1775061638628994800,
                            "bytes_written":  764
                        },
    "logs":  {
                 "stderr":  "C:\\Users\\empty\\AppData\\Local\\Temp\\musu-port-win-smoke-f02bf53fa0d045aa865312a9b408a227\\musu-port.stderr.log",
                 "stdout":  "C:\\Users\\empty\\AppData\\Local\\Temp\\musu-port-win-smoke-f02bf53fa0d045aa865312a9b408a227\\musu-port.stdout.log"
             }
}
