{
    "action":  "install",
    "action_result":  {
                          "install_requested":  true,
                          "install_mode":  "startup-folder",
                          "task_create_exit_code":  1,
                          "task_create_summary":  "오류: 액세스가 거부되었습니다.",
                          "task_run_exit_code":  null,
                          "task_run_summary":  "",
                          "startup_fallback_reason":  "오류: 액세스가 거부되었습니다.",
                          "launch_pid":  36992
                      },
    "version":  1,
    "checked_at":  "2026-04-02T04:20:37.0793167+09:00",
    "host":  "HUGH_SECOND",
    "state":  "online",
    "runtime_state":  "online",
    "install_state":  "startup-folder",
    "install_state_source":  "startup-folder",
    "recommended_action":  "none",
    "pid":  47352,
    "pid_running":  true,
    "last_seen":  "2026-04-02T04:20:33.1329362+09:00",
    "age_seconds":  4,
    "heartbeat_exists":  true,
    "heartbeat_path":  "\\\\wsl.localhost\\Ubuntu-22.04\\home\\hugh51\\musu-functions\\musu-computer-tools\\.windows-bridge\\state\\helper-heartbeat.json",
    "task_name":  "MUSU Windows Bridge Helper",
    "task_installed":  false,
    "task_query_exit_code":  1,
    "task_query_summary":  "오류: 지정된 파일을 찾을 수 없습니다.",
    "startup_launcher_path":  "C:\\Users\\empty\\AppData\\Roaming\\Microsoft\\Windows\\Start Menu\\Programs\\Startup\\MUSU Windows Bridge Helper.cmd",
    "startup_launcher_exists":  true,
    "service_launcher_path":  "C:\\Users\\empty\\AppData\\Local\\MUSU\\WindowsBridge\\start-helper-service.cmd",
    "service_launcher_exists":  true,
    "helper_script_path":  "\\\\wsl.localhost\\Ubuntu-22.04\\home\\hugh51\\musu-functions\\musu-computer-tools\\scripts\\windows-bridge\\windows-bridge-helper.ps1"
}