

PSMessageDetails      : 
Exception             : System.Management.Automation.RuntimeException: schtasks create failed: 오류: 잘못된 인수/옵션 - 'Windows
                        '.
                        사용법을 보려면 "SCHTASKS /CREATE /?"를 입력하십시오.
TargetObject          : schtasks create failed: 오류: 잘못된 인수/옵션 - 'Windows'.
                        사용법을 보려면 "SCHTASKS /CREATE /?"를 입력하십시오.
CategoryInfo          : OperationStopped: (schtasks create...TE /?"를 입력하십시오.:String) [], RuntimeException
FullyQualifiedErrorId : schtasks create failed: 오류: 잘못된 인수/옵션 - 'Windows'.
                        사용법을 보려면 "SCHTASKS /CREATE /?"를 입력하십시오.
ErrorDetails          : 
InvocationInfo        : System.Management.Automation.InvocationInfo
ScriptStackTrace      : 위치: Install-HelperService, \\wsl.localhost\Ubuntu-22.04\home\hugh51\musu-functions\musu-compute
                        r-tools\scripts\windows-bridge\helper-lifecycle.ps1: 451번째 줄
                        위치: <ScriptBlock>, \\wsl.localhost\Ubuntu-22.04\home\hugh51\musu-functions\musu-computer-tools\
                        scripts\windows-bridge\helper-lifecycle.ps1: 535번째 줄
                        위치: <ScriptBlock>, \\wsl.localhost\Ubuntu-22.04\home\hugh51\musu-functions\musu-computer-tools\
                        scripts\windows-bridge\debug-helper-lifecycle.ps1: 8번째 줄
                        위치: <ScriptBlock>, <파일 없음>: 1번째 줄
PipelineIterationInfo : {}




위치: Install-HelperService, \\wsl.localhost\Ubuntu-22.04\home\hugh51\musu-functions\musu-computer-tools\scripts\windows-bridge\helper-lifecycle.ps1: 451번째 줄
위치: <ScriptBlock>, \\wsl.localhost\Ubuntu-22.04\home\hugh51\musu-functions\musu-computer-tools\scripts\windows-bridge\helper-lifecycle.ps1: 535번째 줄
위치: <ScriptBlock>, \\wsl.localhost\Ubuntu-22.04\home\hugh51\musu-functions\musu-computer-tools\scripts\windows-bridge\debug-helper-lifecycle.ps1: 8번째 줄
위치: <ScriptBlock>, <파일 없음>: 1번째 줄