npm warn Unknown env config "auto-install-peers". This will stop working in the next major version of npm.
npm warn Unknown env config "recursive". This will stop working in the next major version of npm.

> musu-bee@0.1.0 build
> NODE_ENV=production next build

   ▲ Next.js 15.5.14
   - Environments: .env.local

   Creating an optimized production build ...


Retrying 1/3...
 ✓ Compiled successfully in 29.9s
   Skipping linting
   Checking validity of types ...
   Collecting page data ...
(node:99763) ExperimentalWarning: SQLite is an experimental feature and might change at any time
(Use `node --trace-warnings ...` to show where the warning was created)
(node:99766) ExperimentalWarning: SQLite is an experimental feature and might change at any time
(Use `node --trace-warnings ...` to show where the warning was created)

> Build optimization failed: found pages without a React Component as default export in 
pages/404
pages/500

See https://nextjs.org/docs/messages/page-without-valid-component for more info.

