timestamp_utc=20260413T062406Z
check_issue=2f6d10aa-759c-42be-bcf6-6cd080faa377
{
  "identifier": "MUS-1765",
  "status": "in_progress",
  "updatedAt": "2026-04-13T06:20:33.989Z",
  "executionRunId": "5e7bf2a9-642c-4cd2-9a70-97f499b746da"
}
check_upstream_issue=5e2e88af-75ba-48fe-8e73-0435ec0ab617
{
  "identifier": "MUS-1771",
  "status": "blocked",
  "updatedAt": "2026-04-13T06:13:02.173Z"
}
check_upstream_g1_pass_token_count
2
check_generation_issue=d6465a0a-ecb0-4a2b-ac97-5ea8b18b6947
{
  "identifier": "MUS-1660",
  "status": "blocked",
  "updatedAt": "2026-04-12T23:50:13.805Z"
}
