timestamp_utc=2026-04-12T20:30:24Z
cmd1=curl http://localhost:23880/status

[curl_exit=28 http_code=000]
[exit=28]
cmd2=systemctl status musu-portd --no-pager
Unit musu-portd.service could not be found.
[exit=4]
cmd3=ss -ltnp | grep 23880
[exit=1]
cmd4=journalctl -u musu-portd -n 80 --no-pager
-- No entries --
[exit=0]
prev_artifact=/home/hugh51/musu-functions/artifacts/g2-mus1691-replay-20260412T194403Z.log
prev_exists=1
2:cmd: curl -sv --max-time 7 http://localhost:23880/status
3:* Host localhost:23880 was resolved.
6:*   Trying [::1]:23880...
7:* connect to ::1 port 23880 from ::1 port 48206 failed: Connection refused
8:*   Trying 127.0.0.1:23880...
13:Unit musu-portd.service could not be found.
15:cmd: ss -ltnp | rg 23880
18:-- No entries --
