npm warn Unknown env config "auto-install-peers". This will stop working in the next major version of npm.
npm warn Unknown env config "recursive". This will stop working in the next major version of npm.

> musu-bee@0.1.0 build
> NODE_ENV=production next build

   ▲ Next.js 15.5.14
   - Environments: .env.local

   Creating an optimized production build ...
 ✓ Compiled successfully in 4.7s
   Skipping linting
   Checking validity of types ...
Failed to compile.

./src/app/api/index-search/route.ts:25:50
Type error: Object literal may only specify known properties, and 'readonly' does not exist in type '{ open?: boolean | undefined; }'.

[0m [90m 23 |[39m
 [90m 24 |[39m   [36mtry[39m {
[31m[1m>[22m[39m[90m 25 |[39m     [36mconst[39m db [33m=[39m [36mnew[39m [33mDatabaseSync[39m([33mINDEX_DB_PATH[39m[33m,[39m { readonly[33m:[39m [36mtrue[39m })[33m;[39m
 [90m    |[39m                                                  [31m[1m^[22m[39m
 [90m 26 |[39m     [36mconst[39m rows [33m=[39m db
 [90m 27 |[39m       [33m.[39mprepare(
 [90m 28 |[39m         [32m`SELECT path, title, type,[39m[0m
Next.js build worker exited with code: 1 and signal: null
