timestamp_utc=2026-04-12T20:58:32Z
bundle=artifacts/mus1582-linkage-20260412T204100Z
[step1] manifest parse
exit_code=0
[step2] path contract
OK artifacts/mus1651-work-hub-v1.pen
OK artifacts/mus1651-evidence/workhub-comfortable.png
OK artifacts/mus1651-evidence/workhub-compact.png
OK artifacts/mus1651-evidence/workhub-mobile.png
OK artifacts/mus1582-linkage-20260412T204100Z/snippets/comment_mus1651_g1_pass_meta.json
OK artifacts/mus1582-linkage-20260412T204100Z/snippets/comment_mus1652_g2_handoff_meta.json
OK artifacts/mus1582-linkage-20260412T204100Z/snippets/comment_mus1582_g2_fail_meta.json
OK artifacts/mus1582-linkage-20260412T204100Z/snippets/propagation_trace.tsv
OK artifacts/mus1582-linkage-20260412T204100Z/snippets/design_artifact_sha256.txt
OK artifacts/mus1582-linkage-20260412T204100Z/snippets/design_artifact_stat.tsv
OK artifacts/mus1582-linkage-20260412T204100Z/snippets/github_check_runs_pr1_head.json
OK artifacts/mus1582-linkage-20260412T204100Z/snippets/github_pr_list.json
OK artifacts/mus1582-linkage-20260412T204100Z/snippets/replay_proof.txt
OK artifacts/mus1582-linkage-20260412T204100Z/snippets/review_contract_proof.txt
OK artifacts/mus1651-evidence/workhub-comfortable.png
OK artifacts/mus1651-evidence/workhub-compact.png
OK artifacts/mus1651-evidence/workhub-mobile.png
paths_total=17
paths_miss=0
[step3] check-run linkage
{
  "total_count": 4,
  "check_ids": [
    70369027375,
    70369027337,
    70369014478,
    70369014446
  ],
  "details_urls": [
    "https://github.com/yellowhama/musu-bee/actions/runs/24119051061/job/70369027375",
    "https://github.com/yellowhama/musu-bee/actions/runs/24119051063/job/70369027337",
    "https://github.com/yellowhama/musu-bee/actions/runs/24119046550/job/70369014478",
    "https://github.com/yellowhama/musu-bee/actions/runs/24119046549/job/70369014446"
  ]
}
[step4] chronology monotonic by cycle_id
cycle=cycle_20260412T184040Z monotonic=true rows=3
chronology_monotonic=true
[step5] placeholder scan
placeholder_scan_exit=1
[step6] required proof test
..                                                                       [100%]
2 passed in 0.14s
exit_code=0
